<?xml version="1.0" encoding="utf-8" standalone="no"?>
<!--This file represents the results of running a test suite-->
<test-results name="C:\Users\Maximiliano Felice\workspace\GDD\src\Resources\bin\Release\Resources.dll" total="18" errors="0" failures="0" not-run="0" inconclusive="0" ignored="0" skipped="0" invalid="0" date="2016-03-29" time="20:24:48">
  <environment nunit-version="2.6.3.13283" clr-version="2.0.50727.4927" os-version="Microsoft Windows NT 6.1.7600.0" platform="Win32NT" cwd="C:\Program Files (x86)\NUnit 2.6.3\bin" machine-name="MAXIMILIANOFELI" user="Maximiliano Felice" user-domain="MaximilianoFeli" />
  <culture-info current-culture="es-ES" current-uiculture="es-ES" />
  <test-suite type="Assembly" name="C:\Users\Maximiliano Felice\workspace\GDD\src\Resources\bin\Release\Resources.dll" executed="True" result="Success" success="True" time="2.298" asserts="0">
    <results>
      <test-suite type="Namespace" name="Resources" executed="True" result="Success" success="True" time="2.297" asserts="0">
        <results>
          <test-suite type="Namespace" name="DB_Conn_DSL" executed="True" result="Success" success="True" time="0.978" asserts="0">
            <results>
              <test-suite type="Namespace" name="tests" executed="True" result="Success" success="True" time="0.977" asserts="0">
                <results>
                  <test-suite type="TestFixture" name="Connection_tests" executed="True" result="Success" success="True" time="0.012" asserts="0">
                    <results>
                      <test-case name="Resources.DB_Conn_DSL.tests.Connection_tests.CanConnectToDB" executed="True" result="Success" success="True" time="0.008" asserts="1" />
                    </results>
                  </test-suite>
                  <test-suite type="TestFixture" name="SqlQuery_tests" executed="True" result="Success" success="True" time="0.028" asserts="0">
                    <results>
                      <test-case name="Resources.DB_Conn_DSL.tests.SqlQuery_tests.ExecutesValidQuery" executed="True" result="Success" success="True" time="0.024" asserts="1" />
                    </results>
                  </test-suite>
                  <test-suite type="TestFixture" name="StoredProcedureConnection_tests" executed="True" result="Success" success="True" time="0.916" asserts="0">
                    <results>
                      <test-case name="Resources.DB_Conn_DSL.tests.StoredProcedureConnection_tests.AddsNewProperties" executed="True" result="Success" success="True" time="0.080" asserts="3" />
                      <test-case name="Resources.DB_Conn_DSL.tests.StoredProcedureConnection_tests.CreatesNewSoredProcedure" executed="True" result="Success" success="True" time="0.002" asserts="2" />
                      <test-case name="Resources.DB_Conn_DSL.tests.StoredProcedureConnection_tests.ExecuteReturnsAllOutputParams" executed="True" result="Success" success="True" time="0.162" asserts="3" />
                      <test-case name="Resources.DB_Conn_DSL.tests.StoredProcedureConnection_tests.ExecuteWithComeback" executed="True" result="Success" success="True" time="0.008" asserts="1" />
                      <test-case name="Resources.DB_Conn_DSL.tests.StoredProcedureConnection_tests.RetunsValidDataReader" executed="True" result="Success" success="True" time="0.017" asserts="1" />
                      <test-case name="Resources.DB_Conn_DSL.tests.StoredProcedureConnection_tests.ReturnsValidDataTable" executed="True" result="Success" success="True" time="0.464" asserts="1" />
                      <test-case name="Resources.DB_Conn_DSL.tests.StoredProcedureConnection_tests.ReturnValuesWorks" executed="True" result="Success" success="True" time="0.005" asserts="1" />
                      <test-case name="Resources.DB_Conn_DSL.tests.StoredProcedureConnection_tests.userLoginIsCorrect" executed="True" result="Success" success="True" time="0.095" asserts="1" />
                      <test-case name="Resources.DB_Conn_DSL.tests.StoredProcedureConnection_tests.userLoginIsNotCorrect" executed="True" result="Success" success="True" time="0.008" asserts="1" />
                    </results>
                  </test-suite>
                </results>
              </test-suite>
            </results>
          </test-suite>
          <test-suite type="Namespace" name="User_Permissions" executed="True" result="Success" success="True" time="1.295" asserts="0">
            <results>
              <test-suite type="Namespace" name="tests" executed="True" result="Success" success="True" time="1.294" asserts="0">
                <results>
                  <test-suite type="TestFixture" name="Annotated_Forms_Tests" executed="True" result="Success" success="True" time="1.142" asserts="0">
                    <results>
                      <test-case name="Resources.User_Permissions.tests.Annotated_Forms_Tests.Check_Instance_Class" executed="True" result="Success" success="True" time="1.091" asserts="1" />
                      <test-case name="Resources.User_Permissions.tests.Annotated_Forms_Tests.GetHandledControls" executed="True" result="Success" success="True" time="0.040" asserts="8" />
                    </results>
                  </test-suite>
                  <test-suite type="TestFixture" name="Features_test" executed="True" result="Success" success="True" time="0.004" asserts="0">
                    <results>
                      <test-case name="Resources.User_Permissions.tests.Features_test.LoadFeatures" executed="True" result="Success" success="True" time="0.002" asserts="4" />
                    </results>
                  </test-suite>
                  <test-suite type="TestFixture" name="Hooks_tests" executed="True" result="Success" success="True" time="0.088" asserts="0">
                    <results>
                      <test-case name="Resources.User_Permissions.tests.Hooks_tests.controlCanHandleVisibility" executed="True" result="Success" success="True" time="0.027" asserts="1" />
                      <test-case name="Resources.User_Permissions.tests.Hooks_tests.controlGetsHooked" executed="True" result="Success" success="True" time="0.002" asserts="1" />
                      <test-case name="Resources.User_Permissions.tests.Hooks_tests.HasFeaturesUP" executed="True" result="Success" success="True" time="0.002" asserts="1" />
                    </results>
                  </test-suite>
                  <test-suite type="TestFixture" name="Roles_tests" executed="True" result="Success" success="True" time="0.004" asserts="0">
                    <results>
                      <test-case name="Resources.User_Permissions.tests.Roles_tests.HasRolesUP" executed="True" result="Success" success="True" time="0.001" asserts="0" />
                    </results>
                  </test-suite>
                </results>
              </test-suite>
            </results>
          </test-suite>
        </results>
      </test-suite>
    </results>
  </test-suite>
</test-results>