<?xml version="1.0" encoding="utf-8" standalone="no"?>
<!--This file represents the results of running a test suite-->
<test-results name="C:\Users\Maximiliano Felice\workspace\GDD\src\Resources\bin\Release\Resources.dll" total="1" errors="1" failures="0" not-run="0" inconclusive="0" ignored="0" skipped="0" invalid="0" date="2016-03-29" time="19:17:22">
  <environment nunit-version="2.6.3.13283" clr-version="2.0.50727.4927" os-version="Microsoft Windows NT 6.1.7600.0" platform="Win32NT" cwd="C:\Program Files (x86)\NUnit 2.6.3\bin" machine-name="MAXIMILIANOFELI" user="Maximiliano Felice" user-domain="MaximilianoFeli" />
  <culture-info current-culture="es-ES" current-uiculture="es-ES" />
  <test-suite type="Assembly" name="C:\Users\Maximiliano Felice\workspace\GDD\src\Resources\bin\Release\Resources.dll" executed="True" result="Failure" success="False" time="0.019" asserts="0">
    <results>
      <test-suite type="Namespace" name="Resources" executed="True" result="Failure" success="False" time="0.018" asserts="0">
        <results>
          <test-suite type="Namespace" name="DB_Conn_DSL" executed="True" result="Failure" success="False" time="0.017" asserts="0">
            <results>
              <test-suite type="Namespace" name="tests" executed="True" result="Failure" success="False" time="0.016" asserts="0">
                <results>
                  <test-suite type="TestFixture" name="SqlQuery_tests" executed="True" result="Failure" success="False" time="0.014" asserts="0">
                    <results>
                      <test-case name="Resources.DB_Conn_DSL.tests.SqlQuery_tests.ExecutesValidQuery" executed="True" result="Error" success="False" time="0.007" asserts="0">
                        <failure>
                          <message><![CDATA[System.Data.SqlClient.SqlException : El nombre de objeto 'BOBBY_TABLES.USERS' no es válido.]]></message>
                          <stack-trace><![CDATA[en System.Data.SqlClient.SqlConnection.OnError(SqlException exception, Boolean breakConnection)
en System.Data.SqlClient.TdsParser.ThrowExceptionAndWarning(TdsParserStateObject stateObj)
en System.Data.SqlClient.TdsParser.Run(RunBehavior runBehavior, SqlCommand cmdHandler, SqlDataReader dataStream, BulkCopySimpleResultSet bulkCopyHandler, TdsParserStateObject stateObj)
en System.Data.SqlClient.SqlDataReader.ConsumeMetaData()
en System.Data.SqlClient.SqlDataReader.get_MetaData()
en System.Data.SqlClient.SqlCommand.FinishExecuteReader(SqlDataReader ds, RunBehavior runBehavior, String resetOptionsString)
en System.Data.SqlClient.SqlCommand.RunExecuteReaderTds(CommandBehavior cmdBehavior, RunBehavior runBehavior, Boolean returnStream, Boolean async)
en System.Data.SqlClient.SqlCommand.RunExecuteReader(CommandBehavior cmdBehavior, RunBehavior runBehavior, Boolean returnStream, String method, DbAsyncResult result)
en System.Data.SqlClient.SqlCommand.RunExecuteReader(CommandBehavior cmdBehavior, RunBehavior runBehavior, Boolean returnStream, String method)
en System.Data.SqlClient.SqlCommand.ExecuteReader(CommandBehavior behavior, String method)
en System.Data.SqlClient.SqlCommand.ExecuteDbDataReader(CommandBehavior behavior)
en System.Data.Common.DbCommand.System.Data.IDbCommand.ExecuteReader(CommandBehavior behavior)
en System.Data.Common.DbDataAdapter.FillInternal(DataSet dataset, DataTable[] datatables, Int32 startRecord, Int32 maxRecords, String srcTable, IDbCommand command, CommandBehavior behavior)
en System.Data.Common.DbDataAdapter.Fill(DataSet dataSet, Int32 startRecord, Int32 maxRecords, String srcTable, IDbCommand command, CommandBehavior behavior)
en System.Data.Common.DbDataAdapter.Fill(DataSet dataSet)
en Resources.DB_Conn_DSL.DataSetRetriever.Execute(SqlCommand Command) en C:\Users\Maximiliano Felice\workspace\GDD\src\Resources\DB Conn DSL\DataSetRetriever.cs:línea 20
en Resources.DB_Conn_DSL.SqlCommandDSL.Execute() en C:\Users\Maximiliano Felice\workspace\GDD\src\Resources\DB Conn DSL\SqlCommandDSL.cs:línea 26
en Resources.DB_Conn_DSL.tests.SqlQuery_tests.ExecutesValidQuery() en C:\Users\Maximiliano Felice\workspace\GDD\src\Resources\DB Conn DSL\tests\SqlQuery_tests.cs:línea 21
]]></stack-trace>
                        </failure>
                      </test-case>
                    </results>
                  </test-suite>
                </results>
              </test-suite>
            </results>
          </test-suite>
        </results>
      </test-suite>
    </results>
  </test-suite>
</test-results>